
> navi-lending-dashboard@0.1.0 dev
> next dev

⚠ Warning: Next.js inferred your workspace root, but it may not be correct.
 We detected multiple lockfiles and selected the directory of /Users/olusegunaborode/pnpm-lock.yaml as the root directory.
 To silence this warning, set `turbopack.root` in your Next.js config, or consider removing one of the lockfiles if it's not needed.
   See https://nextjs.org/docs/app/api-reference/config/next-config-js/turbopack#root-directory for more information.
 Detected additional lockfiles: 
   * /Users/olusegunaborode/Navi Protocol/navi-lending-dashboard/package-lock.json

▲ Next.js 16.1.6 (Turbopack)
- Local:         http://localhost:3000
- Network:       http://192.168.0.232:3000
- Environments: .env.local, .env

✓ Starting...
✓ Ready in 1003ms
 GET /api/cron/collect-pools 200 in 3.5s (compile: 223ms, render: 3.3s)
 GET /api/cron/collect-pools 200 in 1919ms (compile: 6ms, render: 1913ms)
 GET /api/cron/index-wallets 200 in 72s (compile: 793ms, render: 71s)
 GET /api/cron/index-liquidations 200 in 2.2s (compile: 378ms, render: 1843ms)
 GET /api/cron/index-wallets 200 in 70s (compile: 12ms, render: 70s)
 GET /api/cron/index-liquidations 200 in 637ms (compile: 7ms, render: 630ms)
prisma:error Error in PostgreSQL connection: Error { kind: Closed, cause: None }
prisma:error Error in PostgreSQL connection: Error { kind: Closed, cause: None }
⚠ Found a change in next.config.ts. Restarting the server to apply the changes...
SyntaxError: Expected double-quoted property name in JSON at position 352 (line 15 column 1)
    at JSON.parse (<anonymous>)
⨯ Failed to load next.config.ts, see more info here https://nextjs.org/docs/messages/next-config-error
[Error:   x Merge conflict marker encountered.
   ,-[4:1]
 1 | import type { NextConfig } from "next";
 2 | 
 3 | const nextConfig: NextConfig = {
 4 | <<<<<<< HEAD
   : ^^^^^^^
 5 |   /* config options here */
 6 | =======
 7 |   basePath: '/navi',
   `----
  x Merge conflict marker encountered.
   ,-[6:1]
 3 | const nextConfig: NextConfig = {
 4 | <<<<<<< HEAD
 5 |   /* config options here */
 6 | =======
   : ^^^^^^^
 7 |   basePath: '/navi',
 8 | >>>>>>> 2eea135 (feat: setup Vercel /navi subpath routing and backfilled historical data)
 9 | };
   `----
  x Merge conflict marker encountered.
    ,-[8:1]
  5 |   /* config options here */
  6 | =======
  7 |   basePath: '/navi',
  8 | >>>>>>> 2eea135 (feat: setup Vercel /navi subpath routing and backfilled historical data)
    : ^^^^^^^
  9 | };
 10 | 
 11 | export default nextConfig;
    `----


Caused by:
    Syntax Error] {
  code: 'GenericFailure'
}
SyntaxError: Expected double-quoted property name in JSON at position 352 (line 15 column 1)
    at JSON.parse (<anonymous>)
[?25h
